<?xml version="1.0" encoding="UTF-8"?>
<!-- Generated by org.testng.reporters.JUnitXMLReporter -->
<testsuite ignored="0" hostname="DESKTOP-U376SH8" failures="0" tests="4" name="Default test" time="24.566" errors="0" timestamp="2025-01-14T06:47:20 IST">
  <testcase classname="com.orange.test.cases.HRMTestRunner" name="loginTest" time="9.267"/>
  <testcase classname="com.orange.test.cases.HRMTestRunner" name="verifyloginTest" time="0.629"/>
  <testcase classname="com.orange.test.cases.HRMTestRunner" name="logoutTest" time="2.345"/>
  <testcase classname="com.orange.test.cases.HRMTestRunner" name="forgotpasswordTest" time="3.334"/>
</testsuite> <!-- Default test -->
