<?xml version="1.0" encoding="UTF-8"?>
<!-- Generated by org.testng.reporters.JUnitXMLReporter -->
<testsuite ignored="0" hostname="DESKTOP-U376SH8" failures="0" tests="4" name="Test" time="25.475" errors="0" timestamp="2025-01-14T06:56:04 IST">
  <testcase classname="com.orange.test.cases.HRMTestRunner" name="loginTest" time="8.002"/>
  <testcase classname="com.orange.test.cases.HRMTestRunner" name="verifyloginTest" time="2.135"/>
  <testcase classname="com.orange.test.cases.HRMTestRunner" name="logoutTest" time="2.422"/>
  <testcase classname="com.orange.test.cases.HRMTestRunner" name="forgotPasswordTest" time="3.447"/>
</testsuite> <!-- Test -->
