<?xml version="1.0" encoding="UTF-8"?>
<testng-results ignored="0" total="4" passed="4" failed="0" skipped="0">
  <reporter-output>
  </reporter-output>
  <suite started-at="2025-01-14T06:55:38 IST" name="Suite" finished-at="2025-01-14T06:56:04 IST" duration-ms="25475">
    <groups>
    </groups>
    <test started-at="2025-01-14T06:55:38 IST" name="Test" finished-at="2025-01-14T06:56:04 IST" duration-ms="25475">
      <class name="com.orange.test.cases.HRMTestRunner">
        <test-method is-config="true" signature="beforeTest()[pri:0, instance:com.orange.test.cases.HRMTestRunner@5acf93bb]" started-at="2025-01-14T06:55:38 IST" name="beforeTest" finished-at="2025-01-14T06:55:47 IST" duration-ms="8973" status="PASS">
          <reporter-output>
          </reporter-output>
        </test-method> <!-- beforeTest -->
        <test-method signature="loginTest()[pri:0, instance:com.orange.test.cases.HRMTestRunner@5acf93bb]" started-at="2025-01-14T06:55:47 IST" name="loginTest" finished-at="2025-01-14T06:55:55 IST" duration-ms="8002" status="PASS">
          <reporter-output>
          </reporter-output>
        </test-method> <!-- loginTest -->
        <test-method signature="verifyloginTest()[pri:1, instance:com.orange.test.cases.HRMTestRunner@5acf93bb]" started-at="2025-01-14T06:55:56 IST" name="verifyloginTest" finished-at="2025-01-14T06:55:58 IST" duration-ms="2135" status="PASS">
          <reporter-output>
          </reporter-output>
        </test-method> <!-- verifyloginTest -->
        <test-method signature="logoutTest()[pri:2, instance:com.orange.test.cases.HRMTestRunner@5acf93bb]" started-at="2025-01-14T06:55:58 IST" name="logoutTest" finished-at="2025-01-14T06:56:00 IST" duration-ms="2422" status="PASS">
          <reporter-output>
          </reporter-output>
        </test-method> <!-- logoutTest -->
        <test-method signature="forgotPasswordTest()[pri:3, instance:com.orange.test.cases.HRMTestRunner@5acf93bb]" started-at="2025-01-14T06:56:00 IST" name="forgotPasswordTest" finished-at="2025-01-14T06:56:04 IST" duration-ms="3447" status="PASS">
          <reporter-output>
          </reporter-output>
        </test-method> <!-- forgotPasswordTest -->
        <test-method is-config="true" signature="afterTest()[pri:0, instance:com.orange.test.cases.HRMTestRunner@5acf93bb]" started-at="2025-01-14T06:56:04 IST" name="afterTest" finished-at="2025-01-14T06:56:04 IST" duration-ms="361" status="PASS">
          <reporter-output>
          </reporter-output>
        </test-method> <!-- afterTest -->
      </class> <!-- com.orange.test.cases.HRMTestRunner -->
    </test> <!-- Test -->
  </suite> <!-- Suite -->
</testng-results>
